# JRE version: OpenJDK Runtime Environment Temurin-17.0.2+8 (17.0.2+8) (build 17.0.2+8)
# Java VM: OpenJDK 64-Bit Server VM Temurin-17.0.2+8 (17.0.2+8, mixed mode, emulated-client, tiered, compressed oops, compressed class ptrs, g1 gc, windows-amd64)
GC Precious Log:
 CPUs: 4 total, 4 available
 Memory: 8071M
 Large Page Support: Disabled
 NUMA Support: Disabled
 Compressed Oops: Enabled (32-bit)
 Heap Region Size: 1M
 Heap Min Capacity: 8M
 Heap Initial Capacity: 128M
 Heap Max Capacity: 2018M
 Pre-touch: Disabled
 Parallel Workers: 4
 Concurrent Workers: 1
 Concurrent Refinement Workers: 4
 Periodic GC: Disabled
Heap:
 garbage-first heap   total 65536K, used 26946K [0x0000000081e00000, 0x0000000100000000)
  region size 1024K, 5 young (5120K), 0 survivors (0K)
 Metaspace       used 39732K, committed 40064K, reserved 1089536K
  class space    used 5029K, committed 5184K, reserved 1048576K
GC Heap History (20 events):
Event: 6698.406 GC heap before
{Heap before GC invocations=665 (full 425):
 garbage-first heap   total 65536K, used 26945K [0x0000000081e00000, 0x0000000100000000)
  region size 1024K, 5 young (5120K), 0 survivors (0K)
 Metaspace       used 39732K, committed 40064K, reserved 1089536K
  class space    used 5029K, committed 5184K, reserved 1048576K
}
Event: 6698.448 GC heap after
{Heap after GC invocations=666 (full 426):
 garbage-first heap   total 65536K, used 22849K [0x0000000081e00000, 0x0000000100000000)
  region size 1024K, 0 young (0K), 0 survivors (0K)
 Metaspace       used 39732K, committed 40064K, reserved 1089536K
  class space    used 5029K, committed 5184K, reserved 1048576K
}
Event: 6710.022 GC heap before
{Heap before GC invocations=666 (full 426):
 garbage-first heap   total 65536K, used 26945K [0x0000000081e00000, 0x0000000100000000)
  region size 1024K, 5 young (5120K), 0 survivors (0K)
 Metaspace       used 39732K, committed 40064K, reserved 1089536K
  class space    used 5029K, committed 5184K, reserved 1048576K
}
Event: 6710.065 GC heap after
{Heap after GC invocations=667 (full 427):
 garbage-first heap   total 65536K, used 22849K [0x0000000081e00000, 0x0000000100000000)
  region size 1024K, 0 young (0K), 0 survivors (0K)
 Metaspace       used 39732K, committed 40064K, reserved 1089536K
  class space    used 5029K, committed 5184K, reserved 1048576K
}
Event: 6720.323 GC heap before
{Heap before GC invocations=667 (full 427):
 garbage-first heap   total 65536K, used 26945K [0x0000000081e00000, 0x0000000100000000)
  region size 1024K, 5 young (5120K), 0 survivors (0K)
 Metaspace       used 39732K, committed 40064K, reserved 1089536K
  class space    used 5029K, committed 5184K, reserved 1048576K
}
Event: 6720.356 GC heap after
{Heap after GC invocations=668 (full 428):
 garbage-first heap   total 65536K, used 22849K [0x0000000081e00000, 0x0000000100000000)
  region size 1024K, 0 young (0K), 0 survivors (0K)
 Metaspace       used 39732K, committed 40064K, reserved 1089536K
  class space    used 5029K, committed 5184K, reserved 1048576K
}
Event: 6730.702 GC heap before
{Heap before GC invocations=668 (full 428):
 garbage-first heap   total 65536K, used 26945K [0x0000000081e00000, 0x0000000100000000)
  region size 1024K, 5 young (5120K), 0 survivors (0K)
 Metaspace       used 39732K, committed 40064K, reserved 1089536K
  class space    used 5029K, committed 5184K, reserved 1048576K
}
Event: 6730.737 GC heap after
{Heap after GC invocations=669 (full 429):
 garbage-first heap   total 65536K, used 22849K [0x0000000081e00000, 0x0000000100000000)
  region size 1024K, 0 young (0K), 0 survivors (0K)
 Metaspace       used 39732K, committed 40064K, reserved 1089536K
  class space    used 5029K, committed 5184K, reserved 1048576K
}
Event: 6741.026 GC heap before
{Heap before GC invocations=669 (full 429):
 garbage-first heap   total 65536K, used 26945K [0x0000000081e00000, 0x0000000100000000)
  region size 1024K, 5 young (5120K), 0 survivors (0K)
 Metaspace       used 39732K, committed 40064K, reserved 1089536K
  class space    used 5029K, committed 5184K, reserved 1048576K
}
Event: 6741.067 GC heap after
{Heap after GC invocations=670 (full 430):
 garbage-first heap   total 65536K, used 22849K [0x0000000081e00000, 0x0000000100000000)
  region size 1024K, 0 young (0K), 0 survivors (0K)
 Metaspace       used 39732K, committed 40064K, reserved 1089536K
  class space    used 5029K, committed 5184K, reserved 1048576K
}
Event: 6751.460 GC heap before
{Heap before GC invocations=670 (full 430):
 garbage-first heap   total 65536K, used 26945K [0x0000000081e00000, 0x0000000100000000)
  region size 1024K, 5 young (5120K), 0 survivors (0K)
 Metaspace       used 39732K, committed 40064K, reserved 1089536K
  class space    used 5029K, committed 5184K, reserved 1048576K
}
Event: 6751.493 GC heap after
{Heap after GC invocations=671 (full 431):
 garbage-first heap   total 65536K, used 22849K [0x0000000081e00000, 0x0000000100000000)
  region size 1024K, 0 young (0K), 0 survivors (0K)
 Metaspace       used 39732K, committed 40064K, reserved 1089536K
  class space    used 5029K, committed 5184K, reserved 1048576K
}
Event: 6762.136 GC heap before
{Heap before GC invocations=671 (full 431):
 garbage-first heap   total 65536K, used 26945K [0x0000000081e00000, 0x0000000100000000)
  region size 1024K, 5 young (5120K), 0 survivors (0K)
 Metaspace       used 39732K, committed 40064K, reserved 1089536K
  class space    used 5029K, committed 5184K, reserved 1048576K
}
Event: 6762.179 GC heap after
{Heap after GC invocations=672 (full 432):
 garbage-first heap   total 65536K, used 22849K [0x0000000081e00000, 0x0000000100000000)
  region size 1024K, 0 young (0K), 0 survivors (0K)
 Metaspace       used 39732K, committed 40064K, reserved 1089536K
  class space    used 5029K, committed 5184K, reserved 1048576K
}
Event: 6773.394 GC heap before
{Heap before GC invocations=672 (full 432):
 garbage-first heap   total 65536K, used 28993K [0x0000000081e00000, 0x0000000100000000)
  region size 1024K, 7 young (7168K), 0 survivors (0K)
 Metaspace       used 39732K, committed 40064K, reserved 1089536K
  class space    used 5029K, committed 5184K, reserved 1048576K
}
Event: 6773.434 GC heap after
{Heap after GC invocations=673 (full 433):
 garbage-first heap   total 65536K, used 22850K [0x0000000081e00000, 0x0000000100000000)
  region size 1024K, 0 young (0K), 0 survivors (0K)
 Metaspace       used 39732K, committed 40064K, reserved 1089536K
  class space    used 5029K, committed 5184K, reserved 1048576K
}
Event: 6784.186 GC heap before
{Heap before GC invocations=673 (full 433):
 garbage-first heap   total 65536K, used 26946K [0x0000000081e00000, 0x0000000100000000)
  region size 1024K, 5 young (5120K), 0 survivors (0K)
 Metaspace       used 39732K, committed 40064K, reserved 1089536K
  class space    used 5029K, committed 5184K, reserved 1048576K
}
Event: 6784.221 GC heap after
{Heap after GC invocations=674 (full 434):
 garbage-first heap   total 65536K, used 22849K [0x0000000081e00000, 0x0000000100000000)
  region size 1024K, 0 young (0K), 0 survivors (0K)
 Metaspace       used 39732K, committed 40064K, reserved 1089536K
  class space    used 5029K, committed 5184K, reserved 1048576K
}
Event: 6794.941 GC heap before
{Heap before GC invocations=674 (full 434):
 garbage-first heap   total 65536K, used 27969K [0x0000000081e00000, 0x0000000100000000)
  region size 1024K, 6 young (6144K), 0 survivors (0K)
 Metaspace       used 39732K, committed 40064K, reserved 1089536K
  class space    used 5029K, committed 5184K, reserved 1048576K
}
Event: 6794.984 GC heap after
{Heap after GC invocations=675 (full 435):
 garbage-first heap   total 65536K, used 22850K [0x0000000081e00000, 0x0000000100000000)
  region size 1024K, 0 young (0K), 0 survivors (0K)
 Metaspace       used 39732K, committed 40064K, reserved 1089536K
  class space    used 5029K, committed 5184K, reserved 1048576K
}

